<?xml version="1.0" encoding="UTF-8"?>
<!-- Generated by org.testng.reporters.JUnitXMLReporter -->
<testsuite ignored="0" hostname="Surendras-MacBook-Air.local" failures="1" tests="5" name="Test" time="0.02" errors="0" timestamp="2023-01-29T12:28:19 IST">
  <testcase classname="testNgDemo.Demo" name="Test3" time="0.002">
    <failure type="org.testng.internal.reflect.MethodMatcherException" message="
[public void testNgDemo.Demo.Test3(java.lang.String,java.lang.String)] has no parameters defined but was found to be using a data provider (either explicitly specified or inherited from class level annotation).
Data provider mismatch
Method: Test3([Parameter{index=0, type=java.lang.String, declaredAnnotations=[]}, Parameter{index=1, type=java.lang.String, declaredAnnotations=[]}])
Arguments: [(java.lang.String) Sur]">
      <![CDATA[org.testng.internal.reflect.MethodMatcherException: 
[public void testNgDemo.Demo.Test3(java.lang.String,java.lang.String)] has no parameters defined but was found to be using a data provider (either explicitly specified or inherited from class level annotation).
Data provider mismatch
Method: Test3([Parameter{index=0, type=java.lang.String, declaredAnnotations=[]}, Parameter{index=1, type=java.lang.String, declaredAnnotations=[]}])
Arguments: [(java.lang.String) Sur]
at java.base/java.util.concurrent.ThreadPoolExecutor.runWorker(ThreadPoolExecutor.java:1144)
at java.base/java.util.concurrent.ThreadPoolExecutor$Worker.run(ThreadPoolExecutor.java:642)
at java.base/java.lang.Thread.run(Thread.java:1589)
... Removed 7 stack frames]]>
    </failure>
  </testcase> <!-- Test3 -->
  <testcase classname="testNgDemo.Demo" name="Test6" time="0.003"/>
  <testcase classname="testNgDemo.Demo" name="Test1" time="0.005"/>
  <testcase classname="testNgDemo.Demo" name="Test5" time="0.005"/>
  <testcase classname="testNgDemo.Demo" name="Test2" time="0.006"/>
</testsuite> <!-- Test -->
